2026-03-30 08:25:22,396 [scanner] INFO — === Tennis Court Scanner starting ===
2026-03-30 08:25:22,397 [scanner] INFO — Mode: cities | Zoom: 18 | Workers: 8
2026-03-30 08:25:22,549 [cnn_classifier] INFO — CourtClassifier running in heuristic ImageNet mode
2026-03-30 08:25:22,550 [scanner] INFO — CNN classifier mode: heuristic
2026-03-30 08:25:23,102 [tile_fetcher] INFO — City grid: 2,272,145 unique tiles across 20 cities
2026-03-30 08:25:23,563 [scanner] INFO — Tiles to scan: 2,272,145 (skipping 0 checkpointed)
2026-03-30 08:25:39,164 [scanner] INFO — Progress: 50/2272145 tiles (0.0%) | 0 raw detections | 3.2 tiles/sec
2026-03-30 08:25:39,275 [scanner] INFO — Progress: 100/2272145 tiles (0.0%) | 0 raw detections | 6.4 tiles/sec
2026-03-30 08:25:40,639 [scanner] INFO — Progress: 150/2272145 tiles (0.0%) | 0 raw detections | 8.8 tiles/sec
2026-03-30 08:25:42,140 [scanner] INFO — Progress: 200/2272145 tiles (0.0%) | 0 raw detections | 10.8 tiles/sec
2026-03-30 08:25:43,511 [scanner] INFO — Progress: 250/2272145 tiles (0.0%) | 0 raw detections | 12.5 tiles/sec
2026-03-30 08:25:45,051 [scanner] INFO — Progress: 300/2272145 tiles (0.0%) | 0 raw detections | 14.0 tiles/sec
2026-03-30 08:25:46,640 [scanner] INFO — Progress: 350/2272145 tiles (0.0%) | 0 raw detections | 15.2 tiles/sec
2026-03-30 08:25:48,160 [scanner] INFO — Progress: 400/2272145 tiles (0.0%) | 0 raw detections | 16.3 tiles/sec
2026-03-30 08:25:49,591 [scanner] INFO — Progress: 450/2272145 tiles (0.0%) | 0 raw detections | 17.3 tiles/sec
2026-03-30 08:25:51,008 [scanner] INFO — Progress: 500/2272145 tiles (0.0%) | 0 raw detections | 18.2 tiles/sec
2026-03-30 08:25:52,401 [scanner] INFO — Progress: 550/2272145 tiles (0.0%) | 0 raw detections | 19.1 tiles/sec
2026-03-30 08:25:53,868 [scanner] INFO — Progress: 600/2272145 tiles (0.0%) | 0 raw detections | 19.8 tiles/sec
2026-03-30 08:25:55,242 [scanner] INFO — Progress: 650/2272145 tiles (0.0%) | 0 raw detections | 20.5 tiles/sec
2026-03-30 08:25:56,698 [scanner] INFO — Progress: 700/2272145 tiles (0.0%) | 0 raw detections | 21.1 tiles/sec
2026-03-30 08:25:58,064 [scanner] INFO — Progress: 750/2272145 tiles (0.0%) | 0 raw detections | 21.7 tiles/sec
2026-03-30 08:25:59,436 [scanner] INFO — Progress: 800/2272145 tiles (0.0%) | 0 raw detections | 22.3 tiles/sec
2026-03-30 08:26:00,767 [scanner] INFO — Progress: 850/2272145 tiles (0.0%) | 0 raw detections | 22.8 tiles/sec
2026-03-30 08:26:02,126 [scanner] INFO — Progress: 900/2272145 tiles (0.0%) | 0 raw detections | 23.3 tiles/sec
2026-03-30 08:26:03,546 [scanner] INFO — Progress: 950/2272145 tiles (0.0%) | 0 raw detections | 23.8 tiles/sec
2026-03-30 08:26:04,998 [scanner] INFO — Progress: 1000/2272145 tiles (0.0%) | 0 raw detections | 24.1 tiles/sec
2026-03-30 08:26:06,361 [scanner] INFO — Progress: 1050/2272145 tiles (0.0%) | 0 raw detections | 24.5 tiles/sec
2026-03-30 08:26:07,890 [scanner] INFO — Progress: 1100/2272145 tiles (0.0%) | 0 raw detections | 24.8 tiles/sec
2026-03-30 08:26:09,267 [scanner] INFO — Progress: 1150/2272145 tiles (0.1%) | 0 raw detections | 25.2 tiles/sec
2026-03-30 08:26:10,643 [scanner] INFO — Progress: 1200/2272145 tiles (0.1%) | 0 raw detections | 25.5 tiles/sec
2026-03-30 08:26:12,045 [scanner] INFO — Progress: 1250/2272145 tiles (0.1%) | 0 raw detections | 25.8 tiles/sec
2026-03-30 08:26:13,364 [scanner] INFO — Progress: 1300/2272145 tiles (0.1%) | 0 raw detections | 26.1 tiles/sec
2026-03-30 08:26:14,711 [scanner] INFO — Progress: 1350/2272145 tiles (0.1%) | 0 raw detections | 26.4 tiles/sec
2026-03-30 08:26:16,133 [scanner] INFO — Progress: 1400/2272145 tiles (0.1%) | 0 raw detections | 26.6 tiles/sec
2026-03-30 08:26:17,546 [scanner] INFO — Progress: 1450/2272145 tiles (0.1%) | 0 raw detections | 26.9 tiles/sec
2026-03-30 08:26:19,019 [scanner] INFO — Progress: 1500/2272145 tiles (0.1%) | 0 raw detections | 27.0 tiles/sec
2026-03-30 08:26:20,347 [scanner] INFO — Progress: 1550/2272145 tiles (0.1%) | 0 raw detections | 27.3 tiles/sec
2026-03-30 08:26:21,750 [scanner] INFO — Progress: 1600/2272145 tiles (0.1%) | 0 raw detections | 27.5 tiles/sec
2026-03-30 08:26:23,101 [scanner] INFO — Progress: 1650/2272145 tiles (0.1%) | 0 raw detections | 27.7 tiles/sec
2026-03-30 08:26:24,485 [scanner] INFO — Progress: 1700/2272145 tiles (0.1%) | 0 raw detections | 27.9 tiles/sec
2026-03-30 08:26:25,904 [scanner] INFO — Progress: 1750/2272145 tiles (0.1%) | 0 raw detections | 28.1 tiles/sec
2026-03-30 08:26:27,243 [scanner] INFO — Progress: 1800/2272145 tiles (0.1%) | 0 raw detections | 28.3 tiles/sec
2026-03-30 08:26:28,604 [scanner] INFO — Progress: 1850/2272145 tiles (0.1%) | 0 raw detections | 28.4 tiles/sec
2026-03-30 08:26:29,990 [scanner] INFO — Progress: 1900/2272145 tiles (0.1%) | 0 raw detections | 28.6 tiles/sec
2026-03-30 08:26:31,387 [scanner] INFO — Progress: 1950/2272145 tiles (0.1%) | 0 raw detections | 28.8 tiles/sec
2026-03-30 08:26:32,703 [scanner] INFO — Progress: 2000/2272145 tiles (0.1%) | 0 raw detections | 28.9 tiles/sec
2026-03-30 08:26:34,130 [scanner] INFO — Progress: 2050/2272145 tiles (0.1%) | 0 raw detections | 29.1 tiles/sec
2026-03-30 08:26:35,547 [scanner] INFO — Progress: 2100/2272145 tiles (0.1%) | 0 raw detections | 29.2 tiles/sec
2026-03-30 08:26:36,897 [scanner] INFO — Progress: 2150/2272145 tiles (0.1%) | 0 raw detections | 29.3 tiles/sec
2026-03-30 08:26:38,703 [scanner] INFO — Progress: 2200/2272145 tiles (0.1%) | 0 raw detections | 29.3 tiles/sec
2026-03-30 08:26:40,076 [scanner] INFO — Progress: 2250/2272145 tiles (0.1%) | 0 raw detections | 29.4 tiles/sec
2026-03-30 08:26:41,560 [scanner] INFO — Progress: 2300/2272145 tiles (0.1%) | 0 raw detections | 29.5 tiles/sec
2026-03-30 08:26:42,955 [scanner] INFO — Progress: 2350/2272145 tiles (0.1%) | 0 raw detections | 29.6 tiles/sec
2026-03-30 08:26:44,259 [scanner] INFO — Progress: 2400/2272145 tiles (0.1%) | 0 raw detections | 29.7 tiles/sec
2026-03-30 08:26:45,702 [scanner] INFO — Progress: 2450/2272145 tiles (0.1%) | 0 raw detections | 29.8 tiles/sec
2026-03-30 08:26:47,070 [scanner] INFO — Progress: 2500/2272145 tiles (0.1%) | 0 raw detections | 29.9 tiles/sec
2026-03-30 08:26:48,545 [scanner] INFO — Progress: 2550/2272145 tiles (0.1%) | 0 raw detections | 30.0 tiles/sec
2026-03-30 08:26:49,900 [scanner] INFO — Progress: 2600/2272145 tiles (0.1%) | 0 raw detections | 30.1 tiles/sec
2026-03-30 08:26:51,252 [scanner] INFO — Progress: 2650/2272145 tiles (0.1%) | 0 raw detections | 30.2 tiles/sec
2026-03-30 08:26:52,622 [scanner] INFO — Progress: 2700/2272145 tiles (0.1%) | 0 raw detections | 30.3 tiles/sec
2026-03-30 08:26:54,001 [scanner] INFO — Progress: 2750/2272145 tiles (0.1%) | 0 raw detections | 30.4 tiles/sec
2026-03-30 08:26:55,379 [scanner] INFO — Progress: 2800/2272145 tiles (0.1%) | 0 raw detections | 30.5 tiles/sec
2026-03-30 08:26:56,808 [scanner] INFO — Progress: 2850/2272145 tiles (0.1%) | 0 raw detections | 30.6 tiles/sec
2026-03-30 08:26:58,157 [scanner] INFO — Progress: 2900/2272145 tiles (0.1%) | 0 raw detections | 30.7 tiles/sec
2026-03-30 08:26:59,605 [scanner] INFO — Progress: 2950/2272145 tiles (0.1%) | 0 raw detections | 30.7 tiles/sec
2026-03-30 08:27:00,961 [scanner] INFO — Progress: 3000/2272145 tiles (0.1%) | 0 raw detections | 30.8 tiles/sec
2026-03-30 08:27:02,359 [scanner] INFO — Progress: 3050/2272145 tiles (0.1%) | 0 raw detections | 30.9 tiles/sec
2026-03-30 08:27:03,693 [scanner] INFO — Progress: 3100/2272145 tiles (0.1%) | 0 raw detections | 31.0 tiles/sec
2026-03-30 08:27:05,147 [scanner] INFO — Progress: 3150/2272145 tiles (0.1%) | 0 raw detections | 31.0 tiles/sec
2026-03-30 08:27:06,534 [scanner] INFO — Progress: 3200/2272145 tiles (0.1%) | 0 raw detections | 31.1 tiles/sec
2026-03-30 08:27:07,961 [scanner] INFO — Progress: 3250/2272145 tiles (0.1%) | 0 raw detections | 31.1 tiles/sec
2026-03-30 08:27:09,412 [scanner] INFO — Progress: 3300/2272145 tiles (0.1%) | 0 raw detections | 31.2 tiles/sec
2026-03-30 08:53:03,481 [tile_fetcher] WARNING — Timeout on 18/184012/117028, attempt 1. Retrying in 1.0s...
2026-03-30 08:53:03,481 [tile_fetcher] WARNING — Timeout on 18/184012/117027, attempt 1. Retrying in 1.0s...
2026-03-30 08:53:03,576 [tile_fetcher] WARNING — Timeout on 18/184012/117029, attempt 1. Retrying in 1.0s...
2026-03-30 08:53:03,588 [tile_fetcher] WARNING — Timeout on 18/184012/117030, attempt 1. Retrying in 1.0s...
2026-03-30 08:53:03,591 [tile_fetcher] WARNING — Timeout on 18/184012/117031, attempt 1. Retrying in 1.0s...
2026-03-30 08:53:03,626 [tile_fetcher] WARNING — Timeout on 18/184012/117032, attempt 1. Retrying in 1.0s...
2026-03-30 08:53:03,628 [tile_fetcher] WARNING — Timeout on 18/184012/117033, attempt 1. Retrying in 1.0s...
2026-03-30 09:07:39,369 [tile_fetcher] WARNING — Timeout on 18/184063/117099, attempt 1. Retrying in 1.0s...
2026-03-30 09:07:39,385 [tile_fetcher] WARNING — Timeout on 18/184063/117102, attempt 1. Retrying in 1.0s...
2026-03-30 09:07:39,386 [tile_fetcher] WARNING — Timeout on 18/184063/117101, attempt 1. Retrying in 1.0s...
2026-03-30 09:07:39,460 [tile_fetcher] WARNING — Timeout on 18/184063/117103, attempt 1. Retrying in 1.0s...
2026-03-30 09:07:39,527 [tile_fetcher] WARNING — Timeout on 18/184063/117104, attempt 1. Retrying in 1.0s...
2026-03-30 09:07:39,532 [tile_fetcher] WARNING — Timeout on 18/184063/117105, attempt 1. Retrying in 1.0s...
2026-03-30 09:07:39,546 [tile_fetcher] WARNING — Timeout on 18/184063/117106, attempt 1. Retrying in 1.0s...
2026-03-30 09:40:48,191 [tile_fetcher] WARNING — Connection error 18/184182/116861: ('Connection aborted.', RemoteDisconnected('Remote end closed connection without response')). Retry in 1.0s...
2026-03-30 09:40:59,071 [tile_fetcher] WARNING — Timeout on 18/184182/116854, attempt 1. Retrying in 1.0s...
2026-03-30 09:40:59,097 [tile_fetcher] WARNING — Timeout on 18/184182/116855, attempt 1. Retrying in 1.0s...
2026-03-30 09:40:59,106 [tile_fetcher] WARNING — Timeout on 18/184182/116856, attempt 1. Retrying in 1.0s...
2026-03-30 09:40:59,152 [tile_fetcher] WARNING — Timeout on 18/184182/116857, attempt 1. Retrying in 1.0s...
2026-03-30 09:40:59,229 [tile_fetcher] WARNING — Timeout on 18/184182/116858, attempt 1. Retrying in 1.0s...
2026-03-30 09:40:59,266 [tile_fetcher] WARNING — Timeout on 18/184182/116859, attempt 1. Retrying in 1.0s...
2026-03-30 09:40:59,276 [tile_fetcher] WARNING — Timeout on 18/184182/116860, attempt 1. Retrying in 1.0s...
2026-03-30 09:54:46,482 [tile_fetcher] WARNING — Timeout on 18/184226/116893, attempt 1. Retrying in 1.0s...
2026-03-30 09:54:46,488 [tile_fetcher] WARNING — Timeout on 18/184226/116894, attempt 1. Retrying in 1.0s...
2026-03-30 09:54:46,513 [tile_fetcher] WARNING — Timeout on 18/184226/116895, attempt 1. Retrying in 1.0s...
2026-03-30 09:54:46,517 [tile_fetcher] WARNING — Timeout on 18/184226/116896, attempt 1. Retrying in 1.0s...
2026-03-30 09:54:46,543 [tile_fetcher] WARNING — Timeout on 18/184226/116897, attempt 1. Retrying in 1.0s...
2026-03-30 09:54:46,563 [tile_fetcher] WARNING — Timeout on 18/184226/116898, attempt 1. Retrying in 1.0s...
2026-03-30 09:54:46,650 [tile_fetcher] WARNING — Timeout on 18/184226/116899, attempt 1. Retrying in 1.0s...
2026-03-30 10:00:16,714 [tile_fetcher] WARNING — Timeout on 18/184234/116914, attempt 1. Retrying in 1.0s...
2026-03-30 10:00:16,717 [tile_fetcher] WARNING — Timeout on 18/184234/116915, attempt 1. Retrying in 1.0s...
2026-03-30 10:00:16,785 [tile_fetcher] WARNING — Timeout on 18/184234/116917, attempt 1. Retrying in 1.0s...
2026-03-30 10:00:16,822 [tile_fetcher] WARNING — Timeout on 18/184234/116918, attempt 1. Retrying in 1.0s...
2026-03-30 10:00:16,845 [tile_fetcher] WARNING — Timeout on 18/184234/116919, attempt 1. Retrying in 1.0s...
2026-03-30 10:00:16,961 [tile_fetcher] WARNING — Timeout on 18/184234/116920, attempt 1. Retrying in 1.0s...
2026-03-30 10:00:16,962 [tile_fetcher] WARNING — Timeout on 18/184234/116921, attempt 1. Retrying in 1.0s...
2026-03-30 10:06:18,022 [tile_fetcher] WARNING — Connection error 18/184236/116866: ('Connection aborted.', RemoteDisconnected('Remote end closed connection without response')). Retry in 1.0s...
2026-03-30 10:06:28,796 [tile_fetcher] WARNING — Timeout on 18/184236/116859, attempt 1. Retrying in 1.0s...
2026-03-30 10:06:28,848 [tile_fetcher] WARNING — Timeout on 18/184236/116860, attempt 1. Retrying in 1.0s...
2026-03-30 10:06:28,862 [tile_fetcher] WARNING — Timeout on 18/184236/116861, attempt 1. Retrying in 1.0s...
2026-03-30 10:06:28,877 [tile_fetcher] WARNING — Timeout on 18/184236/116862, attempt 1. Retrying in 1.0s...
2026-03-30 10:06:28,912 [tile_fetcher] WARNING — Timeout on 18/184236/116863, attempt 1. Retrying in 1.0s...
2026-03-30 10:06:29,048 [tile_fetcher] WARNING — Timeout on 18/184236/116864, attempt 1. Retrying in 1.0s...
2026-03-30 10:06:29,065 [tile_fetcher] WARNING — Timeout on 18/184236/116865, attempt 1. Retrying in 1.0s...
2026-03-30 11:13:07,667 [tile_fetcher] WARNING — Connection error 18/187012/109265: ('Connection aborted.', RemoteDisconnected('Remote end closed connection without response')). Retry in 1.0s...
2026-03-30 11:13:07,668 [tile_fetcher] WARNING — Connection error 18/187012/109267: ('Connection aborted.', RemoteDisconnected('Remote end closed connection without response')). Retry in 1.0s...
2026-03-30 11:13:07,669 [tile_fetcher] WARNING — Connection error 18/187012/109262: ('Connection aborted.', RemoteDisconnected('Remote end closed connection without response')). Retry in 1.0s...
2026-03-30 11:13:07,669 [tile_fetcher] WARNING — Connection error 18/187012/109264: ('Connection aborted.', RemoteDisconnected('Remote end closed connection without response')). Retry in 1.0s...
2026-03-30 11:13:07,669 [tile_fetcher] WARNING — Connection error 18/187012/109261: ('Connection aborted.', RemoteDisconnected('Remote end closed connection without response')). Retry in 1.0s...
2026-03-30 11:13:07,670 [tile_fetcher] WARNING — Connection error 18/187012/109268: ('Connection aborted.', RemoteDisconnected('Remote end closed connection without response')). Retry in 1.0s...
2026-03-30 11:13:07,672 [tile_fetcher] WARNING — Connection error 18/187012/109263: ('Connection aborted.', RemoteDisconnected('Remote end closed connection without response')). Retry in 1.0s...
2026-03-30 11:13:07,672 [tile_fetcher] WARNING — Connection error 18/187012/109266: ('Connection aborted.', RemoteDisconnected('Remote end closed connection without response')). Retry in 1.0s...
